rackspace.com	8	63	63	63	63	63
amazonaws.com	3	39	39	39	39	39
godaddy.com	3	38	38	38	38	38
theplanet.com	2	19	19	19	19	19
savvis.net	2	16	16	16	16	16
mediatemple.com		15	15	15	15	15
softlayer.com	4	10	11	11	11	11
xo.com	1	11	11	11	11	11
sungardas.com	1	11	11	11	11	11
perfora.net	1	11	11	11	11	11
bluehost.com		10	10	10	10	10
rackspacecloud.com	2	10	10	10	10	10
akamaitechnologies.com		8	8	8	8	8
peer1.com		8	8	8	8	8
eigbox.net	2	7	7	7	7	7
netsolhost.com		5	6	6	6	6
servepath.com		5	5	5	5	5
onlinehome-server.com	1	5	5	5	5	5
twtelecom.net	1	4	4	4	4	4
maximumasp.com		4	4	4	4	4
